
RAxML-NG v. 1.2.2 released on 11.04.2024 by The Exelixis Lab.
Developed by: Alexey M. Kozlov and Alexandros Stamatakis.
Contributors: Diego Darriba, Tomas Flouri, Benoit Morel, Sarah Lutteropp, Ben Bettisworth, Julia Haag, Anastasis Togkousidis.
Latest version: https://github.com/amkozlov/raxml-ng
Questions/problems/suggestions? Please visit: https://groups.google.com/forum/#!forum/raxml

System: Intel(R) Core(TM) i9-9980HK CPU @ 2.40GHz, 8 cores, 64 GB RAM

RAxML-NG was called at 23-Jul-2025 16:33:30 as follows:

raxml-ng --all --msa marathrum4tree_inference.recode.min4.phy --model GTR+G --bs-metric fbp --bs-trees autoMRE --threads 8 --redo

Analysis options:
  run mode: ML tree search + bootstrapping (Felsenstein Bootstrap)
  start tree(s): random (10) + parsimony (10)
  bootstrap replicates: parsimony (max: 1000) + bootstopping (autoMRE, cutoff: 0.030000)
  random seed: 1753302810
  tip-inner: OFF
  pattern compression: ON
  per-rate scalers: OFF
  site repeats: ON
  logLH epsilon: general: 10.000000, brlen-triplet: 1000.000000
  fast spr radius: AUTO
  spr subtree cutoff: 1.000000
  fast CLV updates: ON
  branch lengths: proportional (ML estimate, algorithm: NR-FAST)
  SIMD kernels: AVX2
  parallelization: coarse-grained (auto), PTHREADS (8 threads), thread pinning: OFF

WARNING: Running in REDO mode: existing checkpoints are ignored, and all result files will be overwritten!

[00:00:00] Reading alignment from file: marathrum4tree_inference.recode.min4.phy
[00:00:00] Loaded alignment with 82 taxa and 809 sites

WARNING: Sequences AMB1262_Diego_plastome_output_extended-pe.sorted_plastome.bam and AMB1274_Diego_plastome_output_extended-pe.sorted_plastome.bam are exactly identical!
WARNING: Sequences AMB1262_Diego_plastome_output_extended-pe.sorted_plastome.bam and AMB1291_Diego_plastome_output_extended-pe.sorted_plastome.bam are exactly identical!
WARNING: Sequences AMB1273_Diego_plastome_output_extended-pe.sorted_plastome.bam and AMB1278_Diego_plastome_output_extended-pe.sorted_plastome.bam are exactly identical!
WARNING: Duplicate sequences found: 3

NOTE: Reduced alignment (with duplicates and gap-only sites/taxa removed) 
NOTE: was saved to: /Users/abedoya/Bedoya Dropbox/Bedoya_Research_Group/River_phylogeography/River_phylogeography/Data_plastome/marathrum4tree_inference.recode.min4.phy.raxml.reduced.phy

Alignment comprises 1 partitions and 385 patterns

Partition 0: noname
Model: GTR+FO+G4m
Alignment sites / patterns: 809 / 385
Gaps: 0.80 %
Invariant sites: 0.74 %


NOTE: Binary MSA file created: marathrum4tree_inference.recode.min4.phy.raxml.rba

Parallelization scheme autoconfig: 8 worker(s) x 1 thread(s)

[00:00:00] Generating 10 random starting tree(s) with 82 taxa
[00:00:00] Generating 10 parsimony starting tree(s) with 82 taxa
Parallel parsimony with 8 threads
Parallel reduction/worker buffer size: 1 KB  / 0 KB

[00:00:00] Data distribution: max. partitions/sites/weight per thread: 1 / 385 / 6160
[00:00:00] Data distribution: max. searches per worker: 128

Starting ML tree search with 20 distinct starting trees

[00:00:10] [worker #7] ML tree search #8, logLikelihood: -4858.560770
[00:00:11] [worker #4] ML tree search #5, logLikelihood: -4867.021066
[00:00:12] [worker #2] ML tree search #3, logLikelihood: -4865.343668
[00:00:12] [worker #0] ML tree search #1, logLikelihood: -4858.582993
[00:00:12] [worker #1] ML tree search #2, logLikelihood: -4855.216973
[00:00:12] [worker #6] ML tree search #7, logLikelihood: -4855.010616
[00:00:13] [worker #3] ML tree search #4, logLikelihood: -4855.012708
[00:00:13] [worker #5] ML tree search #6, logLikelihood: -4858.584817
[00:00:20] [worker #4] ML tree search #13, logLikelihood: -4858.630139
[00:00:20] [worker #7] ML tree search #16, logLikelihood: -4856.711312
[00:00:21] [worker #2] ML tree search #11, logLikelihood: -4856.910109
[00:00:22] [worker #3] ML tree search #12, logLikelihood: -4856.719719
[00:00:23] [worker #6] ML tree search #15, logLikelihood: -4864.751541
[00:00:24] [worker #5] ML tree search #14, logLikelihood: -4858.565574
[00:00:28] [worker #1] ML tree search #10, logLikelihood: -4855.216791
[00:00:28] [worker #0] ML tree search #9, logLikelihood: -4854.960886
[00:00:33] [worker #2] ML tree search #19, logLikelihood: -4855.011547
[00:00:35] [worker #3] ML tree search #20, logLikelihood: -4856.719779
[00:00:40] [worker #1] ML tree search #18, logLikelihood: -4858.189371
[00:00:40] [worker #0] ML tree search #17, logLikelihood: -4856.750704

[00:00:40] ML tree search completed, best tree logLH: -4854.960886

[00:00:40] Starting bootstrapping analysis with 1000 replicates.

[00:00:49] [worker #6] Bootstrap tree #7, logLikelihood: -4590.720342
[00:00:49] [worker #4] Bootstrap tree #5, logLikelihood: -4912.548007
[00:00:49] [worker #5] Bootstrap tree #6, logLikelihood: -4691.217863
[00:00:50] [worker #3] Bootstrap tree #4, logLikelihood: -4673.627590
[00:00:50] [worker #7] Bootstrap tree #8, logLikelihood: -5086.550977
[00:00:50] [worker #2] Bootstrap tree #3, logLikelihood: -4601.168505
[00:00:52] [worker #1] Bootstrap tree #2, logLikelihood: -4576.392005
[00:00:54] [worker #0] Bootstrap tree #1, logLikelihood: -4768.450566
[00:00:56] [worker #6] Bootstrap tree #15, logLikelihood: -4873.614659
[00:00:58] [worker #4] Bootstrap tree #13, logLikelihood: -5074.057345
[00:00:58] [worker #5] Bootstrap tree #14, logLikelihood: -4995.205945
[00:00:59] [worker #1] Bootstrap tree #10, logLikelihood: -4921.511781
[00:00:59] [worker #7] Bootstrap tree #16, logLikelihood: -5078.285248
[00:01:00] [worker #2] Bootstrap tree #11, logLikelihood: -4752.345485
[00:01:04] [worker #0] Bootstrap tree #9, logLikelihood: -4829.609879
[00:01:05] [worker #3] Bootstrap tree #12, logLikelihood: -5091.808034
[00:01:05] [worker #6] Bootstrap tree #23, logLikelihood: -5065.753230
[00:01:07] [worker #4] Bootstrap tree #21, logLikelihood: -4739.713929
[00:01:08] [worker #5] Bootstrap tree #22, logLikelihood: -4690.089581
[00:01:08] [worker #7] Bootstrap tree #24, logLikelihood: -4464.341787
[00:01:09] [worker #2] Bootstrap tree #19, logLikelihood: -4906.541495
[00:01:11] [worker #1] Bootstrap tree #18, logLikelihood: -4600.751967
[00:01:12] [worker #3] Bootstrap tree #20, logLikelihood: -4478.754308
[00:01:12] [worker #0] Bootstrap tree #17, logLikelihood: -4855.473618
[00:01:17] [worker #6] Bootstrap tree #31, logLikelihood: -4530.779259
[00:01:17] [worker #5] Bootstrap tree #30, logLikelihood: -4740.644642
[00:01:18] [worker #2] Bootstrap tree #27, logLikelihood: -4838.048195
[00:01:18] [worker #7] Bootstrap tree #32, logLikelihood: -4828.112221
[00:01:20] [worker #1] Bootstrap tree #26, logLikelihood: -4782.565237
[00:01:22] [worker #3] Bootstrap tree #28, logLikelihood: -4903.811978
[00:01:22] [worker #4] Bootstrap tree #29, logLikelihood: -5280.381492
[00:01:23] [worker #0] Bootstrap tree #25, logLikelihood: -4869.619320
[00:01:25] [worker #2] Bootstrap tree #35, logLikelihood: -4620.449224
[00:01:27] [worker #6] Bootstrap tree #39, logLikelihood: -4927.113989
[00:01:27] [worker #5] Bootstrap tree #38, logLikelihood: -4451.222225
[00:01:28] [worker #7] Bootstrap tree #40, logLikelihood: -4637.796771
[00:01:30] [worker #1] Bootstrap tree #34, logLikelihood: -4535.226187
[00:01:31] [worker #4] Bootstrap tree #37, logLikelihood: -4717.265749
[00:01:32] [worker #0] Bootstrap tree #33, logLikelihood: -4746.133152
[00:01:33] [worker #2] Bootstrap tree #43, logLikelihood: -4932.284365
[00:01:35] [worker #3] Bootstrap tree #36, logLikelihood: -4762.608329
[00:01:35] [worker #6] Bootstrap tree #47, logLikelihood: -4832.984791
[00:01:36] [worker #7] Bootstrap tree #48, logLikelihood: -4870.486986
[00:01:37] [worker #5] Bootstrap tree #46, logLikelihood: -4660.243282
[00:01:38] [worker #4] Bootstrap tree #45, logLikelihood: -4559.232655
[00:01:39] [worker #1] Bootstrap tree #42, logLikelihood: -4874.794779
[00:01:41] [worker #0] Bootstrap tree #41, logLikelihood: -4395.953821
[00:01:42] [worker #3] Bootstrap tree #44, logLikelihood: -4684.464138
[00:01:45] [worker #1] Bootstrap tree #50, logLikelihood: -4732.624501
[00:01:49] [worker #0] Bootstrap tree #49, logLikelihood: -4836.860381
[00:01:56] [worker #4] Bootstrap tree #53, logLikelihood: -4622.577989
[00:01:57] [worker #5] Bootstrap tree #54, logLikelihood: -4761.166890
[00:01:58] [worker #7] Bootstrap tree #56, logLikelihood: -4939.767138
[00:01:58] [worker #1] Bootstrap tree #58, logLikelihood: -4700.830421
[00:01:58] [worker #3] Bootstrap tree #52, logLikelihood: -4684.730737
[00:01:58] [worker #2] Bootstrap tree #51, logLikelihood: -4921.764244
[00:01:59] [worker #0] Bootstrap tree #57, logLikelihood: -4716.949937
[00:02:02] [worker #6] Bootstrap tree #55, logLikelihood: -4770.743999
[00:02:05] [worker #4] Bootstrap tree #61, logLikelihood: -4981.728324
[00:02:06] [worker #0] Bootstrap tree #65, logLikelihood: -4659.900763
[00:02:06] [worker #5] Bootstrap tree #62, logLikelihood: -5024.168804
[00:02:06] [worker #1] Bootstrap tree #66, logLikelihood: -4868.179980
[00:02:06] [worker #2] Bootstrap tree #59, logLikelihood: -4698.993632
[00:02:07] [worker #7] Bootstrap tree #64, logLikelihood: -4915.762365
[00:02:07] [worker #3] Bootstrap tree #60, logLikelihood: -4685.882416
[00:02:10] [worker #6] Bootstrap tree #63, logLikelihood: -4948.356608
[00:02:12] [worker #4] Bootstrap tree #69, logLikelihood: -4853.628777
[00:02:13] [worker #7] Bootstrap tree #72, logLikelihood: -4873.732964
[00:02:13] [worker #1] Bootstrap tree #74, logLikelihood: -4684.484973
[00:02:14] [worker #5] Bootstrap tree #70, logLikelihood: -5000.648649
[00:02:14] [worker #0] Bootstrap tree #73, logLikelihood: -4764.652673
[00:02:15] [worker #2] Bootstrap tree #67, logLikelihood: -4724.039729
[00:02:15] [worker #3] Bootstrap tree #68, logLikelihood: -4832.433413
[00:02:17] [worker #6] Bootstrap tree #71, logLikelihood: -4776.024125
[00:02:21] [worker #4] Bootstrap tree #77, logLikelihood: -5006.956407
[00:02:21] [worker #7] Bootstrap tree #80, logLikelihood: -4703.849507
[00:02:21] [worker #5] Bootstrap tree #78, logLikelihood: -4660.811387
[00:02:22] [worker #1] Bootstrap tree #82, logLikelihood: -4678.763625
[00:02:23] [worker #3] Bootstrap tree #76, logLikelihood: -4481.230079
[00:02:23] [worker #2] Bootstrap tree #75, logLikelihood: -4604.778002
[00:02:23] [worker #0] Bootstrap tree #81, logLikelihood: -4945.944128
[00:02:26] [worker #6] Bootstrap tree #79, logLikelihood: -4968.398184
[00:02:30] [worker #7] Bootstrap tree #88, logLikelihood: -4520.908724
[00:02:31] [worker #4] Bootstrap tree #85, logLikelihood: -5186.439459
[00:02:32] [worker #1] Bootstrap tree #90, logLikelihood: -4618.522894
[00:02:32] [worker #2] Bootstrap tree #83, logLikelihood: -5157.924873
[00:02:32] [worker #5] Bootstrap tree #86, logLikelihood: -4836.574727
[00:02:33] [worker #0] Bootstrap tree #89, logLikelihood: -4783.404313
[00:02:34] [worker #3] Bootstrap tree #84, logLikelihood: -4815.923844
[00:02:35] [worker #6] Bootstrap tree #87, logLikelihood: -4682.656288
[00:02:38] [worker #7] Bootstrap tree #96, logLikelihood: -4840.667422
[00:02:38] [worker #5] Bootstrap tree #94, logLikelihood: -5093.480433
[00:02:39] [worker #4] Bootstrap tree #93, logLikelihood: -4961.777233
[00:02:39] [worker #1] Bootstrap tree #98, logLikelihood: -4957.253416
[00:02:41] [worker #2] Bootstrap tree #91, logLikelihood: -4545.297992
[00:02:41] [worker #3] Bootstrap tree #92, logLikelihood: -4941.924646
[00:02:42] [worker #0] Bootstrap tree #97, logLikelihood: -4660.864828
[00:02:43] [worker #6] Bootstrap tree #95, logLikelihood: -4908.955727
[00:02:48] [worker #3] Bootstrap tree #100, logLikelihood: -4962.445815
[00:02:50] [worker #2] Bootstrap tree #99, logLikelihood: -4903.676447
[00:02:58] [worker #4] Bootstrap tree #101, logLikelihood: -4765.279916
[00:02:58] [worker #2] Bootstrap tree #107, logLikelihood: -4614.317835
[00:02:58] [worker #5] Bootstrap tree #102, logLikelihood: -4819.087807
[00:02:59] [worker #0] Bootstrap tree #105, logLikelihood: -4994.485147
[00:02:59] [worker #1] Bootstrap tree #106, logLikelihood: -5081.614910
[00:02:59] [worker #3] Bootstrap tree #108, logLikelihood: -4930.711902
[00:02:59] [worker #6] Bootstrap tree #103, logLikelihood: -4615.035441
[00:03:01] [worker #7] Bootstrap tree #104, logLikelihood: -4995.147371
[00:03:05] [worker #5] Bootstrap tree #110, logLikelihood: -4625.022744
[00:03:05] [worker #0] Bootstrap tree #113, logLikelihood: -4844.394083
[00:03:06] [worker #4] Bootstrap tree #109, logLikelihood: -4811.644734
[00:03:06] [worker #2] Bootstrap tree #115, logLikelihood: -4903.071824
[00:03:07] [worker #3] Bootstrap tree #116, logLikelihood: -4732.671139
[00:03:07] [worker #1] Bootstrap tree #114, logLikelihood: -4627.929218
[00:03:10] [worker #7] Bootstrap tree #112, logLikelihood: -4760.683023
[00:03:12] [worker #6] Bootstrap tree #111, logLikelihood: -4822.141671
[00:03:14] [worker #5] Bootstrap tree #118, logLikelihood: -4646.269088
[00:03:14] [worker #0] Bootstrap tree #121, logLikelihood: -4782.765046
[00:03:15] [worker #4] Bootstrap tree #117, logLikelihood: -4651.307775
[00:03:16] [worker #2] Bootstrap tree #123, logLikelihood: -4635.515721
[00:03:17] [worker #1] Bootstrap tree #122, logLikelihood: -4707.831197
[00:03:18] [worker #3] Bootstrap tree #124, logLikelihood: -4921.346674
[00:03:19] [worker #6] Bootstrap tree #119, logLikelihood: -4944.484327
[00:03:19] [worker #7] Bootstrap tree #120, logLikelihood: -4740.447068
[00:03:21] [worker #0] Bootstrap tree #129, logLikelihood: -4828.629544
[00:03:24] [worker #4] Bootstrap tree #125, logLikelihood: -5022.592449
[00:03:25] [worker #2] Bootstrap tree #131, logLikelihood: -4714.090282
[00:03:27] [worker #1] Bootstrap tree #130, logLikelihood: -4977.366376
[00:03:27] [worker #3] Bootstrap tree #132, logLikelihood: -4747.683797
[00:03:27] [worker #6] Bootstrap tree #127, logLikelihood: -4672.027114
[00:03:29] [worker #5] Bootstrap tree #126, logLikelihood: -4989.163581
[00:03:30] [worker #7] Bootstrap tree #128, logLikelihood: -4862.278157
[00:03:31] [worker #0] Bootstrap tree #137, logLikelihood: -4900.520360
[00:03:36] [worker #2] Bootstrap tree #139, logLikelihood: -5225.072856
[00:03:36] [worker #4] Bootstrap tree #133, logLikelihood: -4746.220694
[00:03:37] [worker #6] Bootstrap tree #135, logLikelihood: -4803.231403
[00:03:39] [worker #3] Bootstrap tree #140, logLikelihood: -4669.608671
[00:03:39] [worker #1] Bootstrap tree #138, logLikelihood: -4569.489676
[00:03:40] [worker #7] Bootstrap tree #136, logLikelihood: -4702.029041
[00:03:42] [worker #5] Bootstrap tree #134, logLikelihood: -4948.446154
[00:03:43] [worker #0] Bootstrap tree #145, logLikelihood: -4865.198287
[00:03:46] [worker #2] Bootstrap tree #147, logLikelihood: -4786.384179
[00:03:46] [worker #6] Bootstrap tree #143, logLikelihood: -5055.041179
[00:03:46] [worker #4] Bootstrap tree #141, logLikelihood: -4854.496181
[00:03:47] [worker #1] Bootstrap tree #146, logLikelihood: -4542.271652
[00:03:48] [worker #3] Bootstrap tree #148, logLikelihood: -4773.368177
[00:03:48] [worker #7] Bootstrap tree #144, logLikelihood: -5008.960398
[00:03:48] [worker #5] Bootstrap tree #142, logLikelihood: -4932.840342
[00:03:52] [worker #4] Bootstrap tree #149, logLikelihood: -5020.675754
[00:03:59] [worker #5] Bootstrap tree #150, logLikelihood: -4736.780694
[00:04:07] [worker #4] Bootstrap tree #157, logLikelihood: -4826.176877
[00:04:08] [worker #5] Bootstrap tree #158, logLikelihood: -4770.485503
[00:04:09] [worker #2] Bootstrap tree #155, logLikelihood: -4966.478379
[00:04:09] [worker #1] Bootstrap tree #154, logLikelihood: -4933.672843
[00:04:10] [worker #0] Bootstrap tree #153, logLikelihood: -4941.719156
[00:04:10] [worker #3] Bootstrap tree #156, logLikelihood: -4719.010628
[00:04:10] [worker #7] Bootstrap tree #152, logLikelihood: -4774.564080
[00:04:11] [worker #6] Bootstrap tree #151, logLikelihood: -5237.645226
[00:04:14] [worker #4] Bootstrap tree #165, logLikelihood: -4432.185080
[00:04:15] [worker #5] Bootstrap tree #166, logLikelihood: -4802.487112
[00:04:16] [worker #3] Bootstrap tree #164, logLikelihood: -4699.445478
[00:04:17] [worker #2] Bootstrap tree #163, logLikelihood: -4888.830009
[00:04:17] [worker #7] Bootstrap tree #160, logLikelihood: -4851.059094
[00:04:18] [worker #1] Bootstrap tree #162, logLikelihood: -4551.262661
[00:04:18] [worker #0] Bootstrap tree #161, logLikelihood: -4935.199423
[00:04:19] [worker #6] Bootstrap tree #159, logLikelihood: -4821.728295
[00:04:23] [worker #5] Bootstrap tree #174, logLikelihood: -4607.120722
[00:04:25] [worker #4] Bootstrap tree #173, logLikelihood: -4720.394965
[00:04:25] [worker #3] Bootstrap tree #172, logLikelihood: -4951.349745
[00:04:25] [worker #2] Bootstrap tree #171, logLikelihood: -4760.996105
[00:04:26] [worker #1] Bootstrap tree #170, logLikelihood: -4886.404112
[00:04:26] [worker #7] Bootstrap tree #168, logLikelihood: -4661.956844
[00:04:27] [worker #0] Bootstrap tree #169, logLikelihood: -4728.509508
[00:04:27] [worker #6] Bootstrap tree #167, logLikelihood: -4803.589304
[00:04:32] [worker #5] Bootstrap tree #182, logLikelihood: -4766.556235
[00:04:33] [worker #3] Bootstrap tree #180, logLikelihood: -4763.460250
[00:04:33] [worker #4] Bootstrap tree #181, logLikelihood: -4920.132098
[00:04:34] [worker #1] Bootstrap tree #178, logLikelihood: -4625.519221
[00:04:35] [worker #2] Bootstrap tree #179, logLikelihood: -4737.882428
[00:04:35] [worker #7] Bootstrap tree #176, logLikelihood: -4670.603693
[00:04:36] [worker #0] Bootstrap tree #177, logLikelihood: -4819.834817
[00:04:37] [worker #6] Bootstrap tree #175, logLikelihood: -5050.471173
[00:04:42] [worker #5] Bootstrap tree #190, logLikelihood: -4800.488329
[00:04:43] [worker #3] Bootstrap tree #188, logLikelihood: -4789.680371
[00:04:44] [worker #4] Bootstrap tree #189, logLikelihood: -4750.071851
[00:04:45] [worker #1] Bootstrap tree #186, logLikelihood: -5012.367691
[00:04:45] [worker #0] Bootstrap tree #185, logLikelihood: -4616.783622
[00:04:46] [worker #2] Bootstrap tree #187, logLikelihood: -4768.845047
[00:04:47] [worker #7] Bootstrap tree #184, logLikelihood: -4669.167004
[00:04:49] [worker #6] Bootstrap tree #183, logLikelihood: -4946.398754
[00:04:49] [worker #5] Bootstrap tree #198, logLikelihood: -4744.589964
[00:04:52] [worker #4] Bootstrap tree #197, logLikelihood: -4587.786948
[00:04:53] [worker #3] Bootstrap tree #196, logLikelihood: -5000.775933
[00:04:53] [worker #2] Bootstrap tree #195, logLikelihood: -4921.944284
[00:04:54] [worker #1] Bootstrap tree #194, logLikelihood: -4574.661353
[00:04:55] [worker #7] Bootstrap tree #192, logLikelihood: -4679.509852
[00:04:56] [worker #0] Bootstrap tree #193, logLikelihood: -4892.598178
[00:04:57] [worker #6] Bootstrap tree #191, logLikelihood: -5020.968732
[00:05:03] [worker #7] Bootstrap tree #200, logLikelihood: -4928.068781
[00:05:03] [worker #6] Bootstrap tree #199, logLikelihood: -4683.793847
[00:05:11] [worker #6] Bootstrap tree #207, logLikelihood: -4725.201735
[00:05:12] [worker #1] Bootstrap tree #202, logLikelihood: -4770.766735
[00:05:12] [worker #7] Bootstrap tree #208, logLikelihood: -4638.172366
[00:05:12] [worker #4] Bootstrap tree #205, logLikelihood: -4515.404025
[00:05:13] [worker #0] Bootstrap tree #201, logLikelihood: -5056.705326
[00:05:14] [worker #3] Bootstrap tree #204, logLikelihood: -4736.580068
[00:05:14] [worker #5] Bootstrap tree #206, logLikelihood: -4753.202838
[00:05:17] [worker #2] Bootstrap tree #203, logLikelihood: -4740.831695
[00:05:20] [worker #7] Bootstrap tree #216, logLikelihood: -4736.278211
[00:05:21] [worker #0] Bootstrap tree #209, logLikelihood: -4856.659972
[00:05:21] [worker #1] Bootstrap tree #210, logLikelihood: -5016.568665
[00:05:21] [worker #5] Bootstrap tree #214, logLikelihood: -4334.624377
[00:05:21] [worker #4] Bootstrap tree #213, logLikelihood: -5001.380975
[00:05:23] [worker #6] Bootstrap tree #215, logLikelihood: -4786.114759
[00:05:25] [worker #3] Bootstrap tree #212, logLikelihood: -4960.548175
[00:05:26] [worker #2] Bootstrap tree #211, logLikelihood: -4681.846711
[00:05:29] [worker #5] Bootstrap tree #222, logLikelihood: -4927.129035
[00:05:29] [worker #1] Bootstrap tree #218, logLikelihood: -4855.250757
[00:05:29] [worker #4] Bootstrap tree #221, logLikelihood: -4605.199348
[00:05:29] [worker #7] Bootstrap tree #224, logLikelihood: -4721.585859
[00:05:30] [worker #0] Bootstrap tree #217, logLikelihood: -4894.792821
[00:05:32] [worker #6] Bootstrap tree #223, logLikelihood: -4789.493613
[00:05:34] [worker #3] Bootstrap tree #220, logLikelihood: -4912.238185
[00:05:34] [worker #2] Bootstrap tree #219, logLikelihood: -4716.039672
[00:05:36] [worker #0] Bootstrap tree #225, logLikelihood: -4820.308169
[00:05:36] [worker #1] Bootstrap tree #226, logLikelihood: -4696.146370
[00:05:38] [worker #5] Bootstrap tree #230, logLikelihood: -4855.494200
[00:05:39] [worker #4] Bootstrap tree #229, logLikelihood: -4715.836855
[00:05:39] [worker #7] Bootstrap tree #232, logLikelihood: -4950.464489
[00:05:42] [worker #6] Bootstrap tree #231, logLikelihood: -4696.125609
[00:05:43] [worker #2] Bootstrap tree #227, logLikelihood: -4633.976592
[00:05:43] [worker #3] Bootstrap tree #228, logLikelihood: -4889.277893
[00:05:45] [worker #1] Bootstrap tree #234, logLikelihood: -4820.439844
[00:05:46] [worker #0] Bootstrap tree #233, logLikelihood: -4748.840805
[00:05:47] [worker #5] Bootstrap tree #238, logLikelihood: -4703.600975
[00:05:50] [worker #7] Bootstrap tree #240, logLikelihood: -4744.548387
[00:05:51] [worker #6] Bootstrap tree #239, logLikelihood: -4831.722089
[00:05:53] [worker #3] Bootstrap tree #236, logLikelihood: -4655.150215
[00:05:54] [worker #1] Bootstrap tree #242, logLikelihood: -4739.776844
[00:05:54] [worker #0] Bootstrap tree #241, logLikelihood: -4636.799571
[00:05:56] [worker #4] Bootstrap tree #237, logLikelihood: -4892.896399
[00:05:57] [worker #2] Bootstrap tree #235, logLikelihood: -5043.069822
[00:05:57] [worker #7] Bootstrap tree #248, logLikelihood: -4843.307244
[00:05:57] [worker #5] Bootstrap tree #246, logLikelihood: -4713.468656
[00:06:00] [worker #6] Bootstrap tree #247, logLikelihood: -4844.026919
[00:06:01] [worker #3] Bootstrap tree #244, logLikelihood: -4695.450234
[00:06:02] [worker #1] Bootstrap tree #250, logLikelihood: -4774.746221
[00:06:03] [worker #2] Bootstrap tree #243, logLikelihood: -4815.148301
[00:06:04] [worker #0] Bootstrap tree #249, logLikelihood: -4720.524149
[00:06:05] [worker #4] Bootstrap tree #245, logLikelihood: -4825.700581
[00:06:14] [worker #7] Bootstrap tree #256, logLikelihood: -4606.719350
[00:06:15] [worker #3] Bootstrap tree #252, logLikelihood: -5114.627473
[00:06:15] [worker #4] Bootstrap tree #253, logLikelihood: -4785.426855
[00:06:16] [worker #6] Bootstrap tree #255, logLikelihood: -4919.826764
[00:06:16] [worker #2] Bootstrap tree #251, logLikelihood: -4838.340376
[00:06:17] [worker #0] Bootstrap tree #257, logLikelihood: -4738.357448
[00:06:18] [worker #1] Bootstrap tree #258, logLikelihood: -4803.634457
[00:06:18] [worker #5] Bootstrap tree #254, logLikelihood: -4549.314543
[00:06:23] [worker #6] Bootstrap tree #263, logLikelihood: -4818.492314
[00:06:25] [worker #7] Bootstrap tree #264, logLikelihood: -4867.671924
[00:06:25] [worker #3] Bootstrap tree #260, logLikelihood: -5011.670311
[00:06:26] [worker #0] Bootstrap tree #265, logLikelihood: -4705.451055
[00:06:26] [worker #5] Bootstrap tree #262, logLikelihood: -4887.138985
[00:06:27] [worker #4] Bootstrap tree #261, logLikelihood: -4736.877639
[00:06:27] [worker #1] Bootstrap tree #266, logLikelihood: -4745.748545
[00:06:27] [worker #2] Bootstrap tree #259, logLikelihood: -4919.890283
[00:06:32] [worker #6] Bootstrap tree #271, logLikelihood: -4516.091739
[00:06:33] [worker #7] Bootstrap tree #272, logLikelihood: -4696.431709
[00:06:34] [worker #3] Bootstrap tree #268, logLikelihood: -4532.838775
[00:06:34] [worker #5] Bootstrap tree #270, logLikelihood: -4965.988898
[00:06:36] [worker #0] Bootstrap tree #273, logLikelihood: -4657.867083
[00:06:37] [worker #2] Bootstrap tree #267, logLikelihood: -4683.370402
[00:06:38] [worker #4] Bootstrap tree #269, logLikelihood: -4887.332061
[00:06:39] [worker #1] Bootstrap tree #274, logLikelihood: -4866.124511
[00:06:42] [worker #6] Bootstrap tree #279, logLikelihood: -4670.516462
[00:06:43] [worker #3] Bootstrap tree #276, logLikelihood: -4591.536783
[00:06:44] [worker #5] Bootstrap tree #278, logLikelihood: -4574.814304
[00:06:45] [worker #7] Bootstrap tree #280, logLikelihood: -4909.724895
[00:06:45] [worker #0] Bootstrap tree #281, logLikelihood: -4494.009416
[00:06:47] [worker #1] Bootstrap tree #282, logLikelihood: -4927.261858
[00:06:47] [worker #2] Bootstrap tree #275, logLikelihood: -4908.782947
[00:06:48] [worker #4] Bootstrap tree #277, logLikelihood: -4841.082701
[00:06:51] [worker #6] Bootstrap tree #287, logLikelihood: -5008.036501
[00:06:51] [worker #3] Bootstrap tree #284, logLikelihood: -4872.285458
[00:06:52] [worker #7] Bootstrap tree #288, logLikelihood: -5004.466403
[00:06:52] [worker #5] Bootstrap tree #286, logLikelihood: -4658.470835
[00:06:53] [worker #0] Bootstrap tree #289, logLikelihood: -4421.497030
[00:06:54] [worker #1] Bootstrap tree #290, logLikelihood: -4580.045776
[00:06:55] [worker #4] Bootstrap tree #285, logLikelihood: -4740.658120
[00:06:56] [worker #2] Bootstrap tree #283, logLikelihood: -4860.838664
[00:06:59] [worker #3] Bootstrap tree #292, logLikelihood: -4770.977696
[00:06:59] [worker #7] Bootstrap tree #296, logLikelihood: -4386.637121
[00:07:00] [worker #6] Bootstrap tree #295, logLikelihood: -4797.004461
[00:07:00] [worker #5] Bootstrap tree #294, logLikelihood: -5085.019814
[00:07:02] [worker #0] Bootstrap tree #297, logLikelihood: -4621.897601
[00:07:02] [worker #2] Bootstrap tree #291, logLikelihood: -4512.857311
[00:07:03] [worker #4] Bootstrap tree #293, logLikelihood: -4989.604140
[00:07:04] [worker #1] Bootstrap tree #298, logLikelihood: -4722.691899
[00:07:05] [worker #3] Bootstrap tree #300, logLikelihood: -4750.891603
[00:07:08] [worker #2] Bootstrap tree #299, logLikelihood: -5006.349457
[00:07:16] [worker #1] Bootstrap tree #306, logLikelihood: -4800.290130
[00:07:16] [worker #6] Bootstrap tree #303, logLikelihood: -4664.322296
[00:07:17] [worker #5] Bootstrap tree #302, logLikelihood: -4874.158056
[00:07:17] [worker #3] Bootstrap tree #308, logLikelihood: -4845.572994
[00:07:18] [worker #4] Bootstrap tree #301, logLikelihood: -4810.128056
[00:07:18] [worker #2] Bootstrap tree #307, logLikelihood: -4767.314002
[00:07:18] [worker #7] Bootstrap tree #304, logLikelihood: -4812.191574
[00:07:19] [worker #0] Bootstrap tree #305, logLikelihood: -4789.335956
[00:07:23] [worker #6] Bootstrap tree #311, logLikelihood: -4887.275720
[00:07:24] [worker #1] Bootstrap tree #314, logLikelihood: -4586.849269
[00:07:25] [worker #4] Bootstrap tree #309, logLikelihood: -4831.725519
[00:07:25] [worker #3] Bootstrap tree #316, logLikelihood: -4903.997392
[00:07:25] [worker #5] Bootstrap tree #310, logLikelihood: -4626.312900
[00:07:27] [worker #0] Bootstrap tree #313, logLikelihood: -4682.008402
[00:07:28] [worker #7] Bootstrap tree #312, logLikelihood: -4816.918246
[00:07:29] [worker #2] Bootstrap tree #315, logLikelihood: -4758.462635
[00:07:31] [worker #1] Bootstrap tree #322, logLikelihood: -4907.433226
[00:07:32] [worker #3] Bootstrap tree #324, logLikelihood: -4694.240968
[00:07:33] [worker #4] Bootstrap tree #317, logLikelihood: -4856.596019
[00:07:34] [worker #5] Bootstrap tree #318, logLikelihood: -4980.146214
[00:07:35] [worker #0] Bootstrap tree #321, logLikelihood: -4631.880586
[00:07:35] [worker #6] Bootstrap tree #319, logLikelihood: -4804.538606
[00:07:36] [worker #7] Bootstrap tree #320, logLikelihood: -4577.883277
[00:07:37] [worker #2] Bootstrap tree #323, logLikelihood: -4734.256182
[00:07:39] [worker #1] Bootstrap tree #330, logLikelihood: -4817.183169
[00:07:42] [worker #3] Bootstrap tree #332, logLikelihood: -4866.400915
[00:07:42] [worker #4] Bootstrap tree #325, logLikelihood: -4712.246597
[00:07:43] [worker #5] Bootstrap tree #326, logLikelihood: -4605.893765
[00:07:43] [worker #0] Bootstrap tree #329, logLikelihood: -4688.683559
[00:07:45] [worker #2] Bootstrap tree #331, logLikelihood: -5017.422459
[00:07:47] [worker #7] Bootstrap tree #328, logLikelihood: -4852.500996
[00:07:49] [worker #6] Bootstrap tree #327, logLikelihood: -4740.842287
[00:07:50] [worker #4] Bootstrap tree #333, logLikelihood: -4878.952159
[00:07:50] [worker #5] Bootstrap tree #334, logLikelihood: -4676.138517
[00:07:50] [worker #3] Bootstrap tree #340, logLikelihood: -4939.591455
[00:07:51] [worker #0] Bootstrap tree #337, logLikelihood: -4587.247797
[00:07:54] [worker #2] Bootstrap tree #339, logLikelihood: -4701.122938
[00:07:54] [worker #7] Bootstrap tree #336, logLikelihood: -4619.944651
[00:07:54] [worker #1] Bootstrap tree #338, logLikelihood: -4846.924897
[00:07:57] [worker #4] Bootstrap tree #341, logLikelihood: -4803.902510
[00:07:57] [worker #6] Bootstrap tree #335, logLikelihood: -4782.832259
[00:07:58] [worker #3] Bootstrap tree #348, logLikelihood: -4872.837783
[00:07:59] [worker #5] Bootstrap tree #342, logLikelihood: -4593.621297
[00:08:00] [worker #0] Bootstrap tree #345, logLikelihood: -4926.847390
[00:08:03] [worker #2] Bootstrap tree #347, logLikelihood: -4685.585128
[00:08:03] [worker #1] Bootstrap tree #346, logLikelihood: -4823.125753
[00:08:04] [worker #7] Bootstrap tree #344, logLikelihood: -4783.392049
[00:08:05] [worker #4] Bootstrap tree #349, logLikelihood: -4958.367163
[00:08:06] [worker #6] Bootstrap tree #343, logLikelihood: -4629.079553
[00:08:06] [worker #5] Bootstrap tree #350, logLikelihood: -4918.107561
[00:08:15] [worker #5] Bootstrap tree #358, logLikelihood: -4782.692294
[00:08:15] [worker #1] Bootstrap tree #354, logLikelihood: -4762.081900
[00:08:16] [worker #4] Bootstrap tree #357, logLikelihood: -4797.938807
[00:08:16] [worker #6] Bootstrap tree #351, logLikelihood: -4528.978622
[00:08:17] [worker #3] Bootstrap tree #356, logLikelihood: -4923.099902
[00:08:18] [worker #7] Bootstrap tree #352, logLikelihood: -4978.939313
[00:08:18] [worker #0] Bootstrap tree #353, logLikelihood: -4949.717762
[00:08:21] [worker #2] Bootstrap tree #355, logLikelihood: -4632.190603
[00:08:24] [worker #3] Bootstrap tree #364, logLikelihood: -4656.912821
[00:08:25] [worker #5] Bootstrap tree #366, logLikelihood: -4635.320486
[00:08:25] [worker #4] Bootstrap tree #365, logLikelihood: -4482.736128
[00:08:25] [worker #6] Bootstrap tree #359, logLikelihood: -4629.773275
[00:08:26] [worker #1] Bootstrap tree #362, logLikelihood: -4774.347043
[00:08:26] [worker #7] Bootstrap tree #360, logLikelihood: -4548.674963
[00:08:27] [worker #2] Bootstrap tree #363, logLikelihood: -4851.325961
[00:08:29] [worker #0] Bootstrap tree #361, logLikelihood: -4947.359554
[00:08:32] [worker #4] Bootstrap tree #373, logLikelihood: -4936.857972
[00:08:33] [worker #3] Bootstrap tree #372, logLikelihood: -4938.790011
[00:08:34] [worker #5] Bootstrap tree #374, logLikelihood: -4816.568629
[00:08:35] [worker #7] Bootstrap tree #368, logLikelihood: -4697.196906
[00:08:37] [worker #0] Bootstrap tree #369, logLikelihood: -4565.453434
[00:08:38] [worker #4] Bootstrap tree #381, logLikelihood: -4444.746630
[00:08:39] [worker #6] Bootstrap tree #367, logLikelihood: -4841.481444
[00:08:40] [worker #2] Bootstrap tree #371, logLikelihood: -4726.112171
[00:08:43] [worker #5] Bootstrap tree #382, logLikelihood: -4891.565497
[00:08:43] [worker #4] Bootstrap tree #389, logLikelihood: -4527.145951
[00:08:44] [worker #7] Bootstrap tree #376, logLikelihood: -4867.885772
[00:08:44] [worker #1] Bootstrap tree #370, logLikelihood: -4803.782526
[00:08:45] [worker #0] Bootstrap tree #377, logLikelihood: -4942.108158
[00:08:49] [worker #2] Bootstrap tree #379, logLikelihood: -4835.997948
[00:08:50] [worker #6] Bootstrap tree #375, logLikelihood: -4690.740762
[00:08:51] [worker #5] Bootstrap tree #390, logLikelihood: -4850.668108
[00:08:51] [worker #4] Bootstrap tree #397, logLikelihood: -4922.083376
[00:08:52] [worker #3] Bootstrap tree #380, logLikelihood: -5177.351652
[00:08:54] [worker #0] Bootstrap tree #385, logLikelihood: -4857.640020
[00:08:54] [worker #1] Bootstrap tree #378, logLikelihood: -4776.958957
[00:08:55] [worker #7] Bootstrap tree #384, logLikelihood: -4826.456143
[00:08:58] [worker #2] Bootstrap tree #387, logLikelihood: -4920.947675
[00:08:59] [worker #6] Bootstrap tree #383, logLikelihood: -4735.656037
[00:09:00] [worker #3] Bootstrap tree #388, logLikelihood: -4665.756994
[00:09:02] [worker #1] Bootstrap tree #386, logLikelihood: -4780.450148
[00:09:03] [worker #0] Bootstrap tree #393, logLikelihood: -4608.182612
[00:09:04] [worker #7] Bootstrap tree #392, logLikelihood: -4717.788063
[00:09:06] [worker #5] Bootstrap tree #398, logLikelihood: -4901.025482
[00:09:06] [worker #3] Bootstrap tree #396, logLikelihood: -4718.388617
[00:09:06] [worker #6] Bootstrap tree #391, logLikelihood: -4814.021493
[00:09:07] [worker #2] Bootstrap tree #395, logLikelihood: -4643.853532
[00:09:10] [worker #1] Bootstrap tree #394, logLikelihood: -4840.848234
[00:09:12] [worker #7] Bootstrap tree #400, logLikelihood: -4876.289040
[00:09:14] [worker #6] Bootstrap tree #399, logLikelihood: -4845.432154
[00:09:23] [worker #7] Bootstrap tree #408, logLikelihood: -4738.133327
[00:09:23] [worker #5] Bootstrap tree #406, logLikelihood: -4915.468543
[00:09:24] [worker #6] Bootstrap tree #407, logLikelihood: -4821.780217
[00:09:24] [worker #2] Bootstrap tree #403, logLikelihood: -5025.825613
[00:09:25] [worker #3] Bootstrap tree #404, logLikelihood: -4991.272688
[00:09:25] [worker #0] Bootstrap tree #401, logLikelihood: -4717.165824
[00:09:25] [worker #4] Bootstrap tree #405, logLikelihood: -4802.622711
[00:09:30] [worker #7] Bootstrap tree #416, logLikelihood: -4570.304365
[00:09:31] [worker #1] Bootstrap tree #402, logLikelihood: -4949.462674
[00:09:32] [worker #5] Bootstrap tree #414, logLikelihood: -4753.989430
[00:09:32] [worker #2] Bootstrap tree #411, logLikelihood: -4771.063502
[00:09:32] [worker #0] Bootstrap tree #409, logLikelihood: -4758.751780
[00:09:34] [worker #3] Bootstrap tree #412, logLikelihood: -5000.034803
[00:09:34] [worker #6] Bootstrap tree #415, logLikelihood: -4598.928744
[00:09:39] [worker #7] Bootstrap tree #424, logLikelihood: -4772.746695
[00:09:40] [worker #2] Bootstrap tree #419, logLikelihood: -4512.029477
[00:09:40] [worker #1] Bootstrap tree #410, logLikelihood: -4738.051468
[00:09:42] [worker #4] Bootstrap tree #413, logLikelihood: -4992.449117
[00:09:43] [worker #3] Bootstrap tree #420, logLikelihood: -4806.016999
[00:09:43] [worker #0] Bootstrap tree #417, logLikelihood: -4754.699520
[00:09:47] [worker #5] Bootstrap tree #422, logLikelihood: -4680.914644
[00:09:48] [worker #7] Bootstrap tree #432, logLikelihood: -4964.262965
[00:09:48] [worker #2] Bootstrap tree #427, logLikelihood: -4757.264877
[00:09:49] [worker #1] Bootstrap tree #418, logLikelihood: -5061.162550
[00:09:49] [worker #6] Bootstrap tree #423, logLikelihood: -4926.702122
[00:09:51] [worker #3] Bootstrap tree #428, logLikelihood: -4890.484708
[00:09:51] [worker #4] Bootstrap tree #421, logLikelihood: -4958.354361
[00:09:52] [worker #0] Bootstrap tree #425, logLikelihood: -4653.355018
[00:09:55] [worker #5] Bootstrap tree #430, logLikelihood: -4711.466224
[00:09:56] [worker #2] Bootstrap tree #435, logLikelihood: -4751.484128
[00:09:57] [worker #7] Bootstrap tree #440, logLikelihood: -4650.467153
[00:09:58] [worker #6] Bootstrap tree #431, logLikelihood: -4805.522434
[00:09:59] [worker #1] Bootstrap tree #426, logLikelihood: -4893.565367
[00:09:59] [worker #4] Bootstrap tree #429, logLikelihood: -4650.332388
[00:10:00] [worker #0] Bootstrap tree #433, logLikelihood: -4604.116190
[00:10:00] [worker #3] Bootstrap tree #436, logLikelihood: -4837.400717
[00:10:04] [worker #5] Bootstrap tree #438, logLikelihood: -4686.939223
[00:10:05] [worker #2] Bootstrap tree #443, logLikelihood: -5138.871804
[00:10:06] [worker #6] Bootstrap tree #439, logLikelihood: -4884.201653
[00:10:06] [worker #7] Bootstrap tree #448, logLikelihood: -5067.274010
[00:10:06] [worker #4] Bootstrap tree #437, logLikelihood: -4530.157133
[00:10:07] [worker #1] Bootstrap tree #434, logLikelihood: -4958.946605
[00:10:07] [worker #3] Bootstrap tree #444, logLikelihood: -4642.567751
[00:10:11] [worker #5] Bootstrap tree #446, logLikelihood: -4593.591667
[00:10:11] [worker #0] Bootstrap tree #441, logLikelihood: -4803.633101
[00:10:14] [worker #1] Bootstrap tree #442, logLikelihood: -4638.989552
[00:10:14] [worker #6] Bootstrap tree #447, logLikelihood: -4588.471558
[00:10:15] [worker #4] Bootstrap tree #445, logLikelihood: -4667.669425
[00:10:19] [worker #0] Bootstrap tree #449, logLikelihood: -4932.580997
[00:10:27] [worker #1] Bootstrap tree #450, logLikelihood: -5072.446814
[00:10:39] [worker #7] Bootstrap tree #456, logLikelihood: -5004.605023
[00:10:39] [worker #1] Bootstrap tree #458, logLikelihood: -4561.719272
[00:10:40] [worker #4] Bootstrap tree #453, logLikelihood: -4617.863525
[00:10:40] [worker #6] Bootstrap tree #455, logLikelihood: -4733.507044
[00:10:40] [worker #2] Bootstrap tree #451, logLikelihood: -4520.574409
[00:10:40] [worker #0] Bootstrap tree #457, logLikelihood: -4582.857674
[00:10:40] [worker #5] Bootstrap tree #454, logLikelihood: -4710.374622
[00:10:41] [worker #3] Bootstrap tree #452, logLikelihood: -4809.874859
[00:10:48] [worker #6] Bootstrap tree #463, logLikelihood: -4705.230152
[00:10:48] [worker #7] Bootstrap tree #464, logLikelihood: -4788.979972
[00:10:48] [worker #0] Bootstrap tree #465, logLikelihood: -5008.416027
[00:10:49] [worker #1] Bootstrap tree #466, logLikelihood: -4999.710989
[00:10:49] [worker #2] Bootstrap tree #459, logLikelihood: -5221.929326
[00:10:49] [worker #3] Bootstrap tree #460, logLikelihood: -4655.388300
[00:10:50] [worker #4] Bootstrap tree #461, logLikelihood: -5121.392768
[00:10:50] [worker #5] Bootstrap tree #462, logLikelihood: -4785.966263
[00:10:56] [worker #6] Bootstrap tree #471, logLikelihood: -4862.290640
[00:10:57] [worker #7] Bootstrap tree #472, logLikelihood: -4816.347517
[00:10:57] [worker #5] Bootstrap tree #470, logLikelihood: -4903.941060
[00:10:57] [worker #1] Bootstrap tree #474, logLikelihood: -4706.526653
[00:10:58] [worker #2] Bootstrap tree #467, logLikelihood: -4645.727279
[00:10:59] [worker #0] Bootstrap tree #473, logLikelihood: -5021.865694
[00:10:59] [worker #3] Bootstrap tree #468, logLikelihood: -4606.911027
[00:10:59] [worker #4] Bootstrap tree #469, logLikelihood: -4906.084996
[00:11:05] [worker #6] Bootstrap tree #479, logLikelihood: -4608.415595
[00:11:07] [worker #5] Bootstrap tree #478, logLikelihood: -4928.353344
[00:11:08] [worker #3] Bootstrap tree #476, logLikelihood: -4910.985823
[00:11:08] [worker #7] Bootstrap tree #480, logLikelihood: -4772.227701
[00:11:08] [worker #1] Bootstrap tree #482, logLikelihood: -4594.998691
[00:11:10] [worker #2] Bootstrap tree #475, logLikelihood: -4701.837470
[00:11:11] [worker #4] Bootstrap tree #477, logLikelihood: -4830.981040
[00:11:11] [worker #0] Bootstrap tree #481, logLikelihood: -4984.319832
[00:11:13] [worker #7] Bootstrap tree #488, logLikelihood: -4697.964371
[00:11:14] [worker #6] Bootstrap tree #487, logLikelihood: -4988.233481
[00:11:14] [worker #3] Bootstrap tree #484, logLikelihood: -4902.364839
[00:11:17] [worker #1] Bootstrap tree #490, logLikelihood: -4629.800196
[00:11:18] [worker #5] Bootstrap tree #486, logLikelihood: -4819.200217
[00:11:19] [worker #2] Bootstrap tree #483, logLikelihood: -4817.696627
[00:11:21] [worker #4] Bootstrap tree #485, logLikelihood: -4918.899438
[00:11:21] [worker #7] Bootstrap tree #496, logLikelihood: -4795.836022
[00:11:23] [worker #6] Bootstrap tree #495, logLikelihood: -5001.505267
[00:11:24] [worker #3] Bootstrap tree #492, logLikelihood: -4867.355593
[00:11:25] [worker #1] Bootstrap tree #498, logLikelihood: -4756.698668
[00:11:25] [worker #0] Bootstrap tree #489, logLikelihood: -5005.894823
[00:11:27] [worker #5] Bootstrap tree #494, logLikelihood: -4786.414450
[00:11:29] [worker #2] Bootstrap tree #491, logLikelihood: -4468.874713
[00:11:32] [worker #4] Bootstrap tree #493, logLikelihood: -4770.404563
[00:11:33] [worker #3] Bootstrap tree #500, logLikelihood: -4875.436891
[00:11:37] [worker #0] Bootstrap tree #497, logLikelihood: -4692.901574
[00:11:39] [worker #2] Bootstrap tree #499, logLikelihood: -4723.060842
[00:11:51] [worker #1] Bootstrap tree #506, logLikelihood: -4685.783828
[00:11:52] [worker #2] Bootstrap tree #507, logLikelihood: -4771.089757
[00:11:53] [worker #7] Bootstrap tree #504, logLikelihood: -4776.585212
[00:11:53] [worker #3] Bootstrap tree #508, logLikelihood: -4794.888868
[00:11:54] [worker #4] Bootstrap tree #501, logLikelihood: -4663.299430
[00:11:54] [worker #6] Bootstrap tree #503, logLikelihood: -4780.211601
[00:11:56] [worker #5] Bootstrap tree #502, logLikelihood: -4666.588034
[00:11:56] [worker #0] Bootstrap tree #505, logLikelihood: -4609.969423
[00:12:03] [worker #6] Bootstrap tree #511, logLikelihood: -4660.649177
[00:12:03] [worker #1] Bootstrap tree #514, logLikelihood: -5113.917608
[00:12:04] [worker #2] Bootstrap tree #515, logLikelihood: -4819.626868
[00:12:04] [worker #7] Bootstrap tree #512, logLikelihood: -4677.657806
[00:12:05] [worker #4] Bootstrap tree #509, logLikelihood: -4818.828235
[00:12:06] [worker #3] Bootstrap tree #516, logLikelihood: -4814.011529
[00:12:07] [worker #5] Bootstrap tree #510, logLikelihood: -4850.912718
[00:12:09] [worker #0] Bootstrap tree #513, logLikelihood: -4985.436987
[00:12:11] [worker #2] Bootstrap tree #523, logLikelihood: -4873.024683
[00:12:12] [worker #6] Bootstrap tree #519, logLikelihood: -4810.526641
[00:12:12] [worker #7] Bootstrap tree #520, logLikelihood: -4909.283092
[00:12:14] [worker #1] Bootstrap tree #522, logLikelihood: -4876.056500
[00:12:14] [worker #3] Bootstrap tree #524, logLikelihood: -4407.149014
[00:12:15] [worker #4] Bootstrap tree #517, logLikelihood: -4590.646822
[00:12:16] [worker #5] Bootstrap tree #518, logLikelihood: -4939.331352
[00:12:17] [worker #0] Bootstrap tree #521, logLikelihood: -4746.857758
[00:12:20] [worker #2] Bootstrap tree #531, logLikelihood: -4617.025889
[00:12:20] [worker #6] Bootstrap tree #527, logLikelihood: -4917.690817
[00:12:21] [worker #7] Bootstrap tree #528, logLikelihood: -4741.124910
[00:12:21] [worker #1] Bootstrap tree #530, logLikelihood: -4722.273507
[00:12:22] [worker #3] Bootstrap tree #532, logLikelihood: -4912.541010
[00:12:24] [worker #5] Bootstrap tree #526, logLikelihood: -4810.968421
[00:12:26] [worker #0] Bootstrap tree #529, logLikelihood: -4863.406313
[00:12:28] [worker #2] Bootstrap tree #539, logLikelihood: -4871.248286
[00:12:29] [worker #6] Bootstrap tree #535, logLikelihood: -4503.661807
[00:12:31] [worker #4] Bootstrap tree #525, logLikelihood: -4766.037988
[00:12:31] [worker #7] Bootstrap tree #536, logLikelihood: -4434.136294
[00:12:32] [worker #1] Bootstrap tree #538, logLikelihood: -4716.927778
[00:12:33] [worker #3] Bootstrap tree #540, logLikelihood: -4654.742058
[00:12:35] [worker #5] Bootstrap tree #534, logLikelihood: -4750.948555
[00:12:35] [worker #0] Bootstrap tree #537, logLikelihood: -4474.317773
[00:12:37] [worker #2] Bootstrap tree #547, logLikelihood: -4526.293714
[00:12:37] [worker #6] Bootstrap tree #543, logLikelihood: -4884.445106
[00:12:39] [worker #7] Bootstrap tree #544, logLikelihood: -4755.280482
[00:12:41] [worker #1] Bootstrap tree #546, logLikelihood: -5130.802478
[00:12:41] [worker #3] Bootstrap tree #548, logLikelihood: -4828.061340
[00:12:43] [worker #5] Bootstrap tree #542, logLikelihood: -4735.450311
[00:12:43] [worker #0] Bootstrap tree #545, logLikelihood: -4606.298227
[00:12:44] [worker #4] Bootstrap tree #533, logLikelihood: -4900.559691
[00:12:49] [worker #5] Bootstrap tree #550, logLikelihood: -4915.949192
[00:12:53] [worker #4] Bootstrap tree #541, logLikelihood: -4602.129985
[00:13:02] [worker #4] Bootstrap tree #549, logLikelihood: -4859.047704
[00:13:13] [worker #6] Bootstrap tree #551, logLikelihood: -4802.475377
[00:13:14] [worker #4] Bootstrap tree #557, logLikelihood: -4502.023864
[00:13:14] [worker #7] Bootstrap tree #552, logLikelihood: -4758.995108
[00:13:15] [worker #3] Bootstrap tree #556, logLikelihood: -4658.455587
[00:13:15] [worker #0] Bootstrap tree #553, logLikelihood: -4673.849371
[00:13:15] [worker #2] Bootstrap tree #555, logLikelihood: -4908.103368
[00:13:16] [worker #1] Bootstrap tree #554, logLikelihood: -4814.336248
[00:13:16] [worker #5] Bootstrap tree #558, logLikelihood: -4948.939075
[00:13:21] [worker #4] Bootstrap tree #565, logLikelihood: -4555.229101
[00:13:21] [worker #6] Bootstrap tree #559, logLikelihood: -4860.387010
[00:13:22] [worker #0] Bootstrap tree #561, logLikelihood: -4677.217027
[00:13:23] [worker #1] Bootstrap tree #562, logLikelihood: -4894.303915
[00:13:24] [worker #5] Bootstrap tree #566, logLikelihood: -4607.006760
[00:13:25] [worker #7] Bootstrap tree #560, logLikelihood: -4757.634589
[00:13:25] [worker #3] Bootstrap tree #564, logLikelihood: -4644.099815
[00:13:29] [worker #2] Bootstrap tree #563, logLikelihood: -4841.650195
[00:13:30] [worker #6] Bootstrap tree #567, logLikelihood: -4930.059968
[00:13:31] [worker #5] Bootstrap tree #574, logLikelihood: -4835.250684
[00:13:31] [worker #4] Bootstrap tree #573, logLikelihood: -4699.515884
[00:13:32] [worker #1] Bootstrap tree #570, logLikelihood: -4795.680061
[00:13:34] [worker #7] Bootstrap tree #568, logLikelihood: -4934.700322
[00:13:34] [worker #0] Bootstrap tree #569, logLikelihood: -4904.798392
[00:13:34] [worker #3] Bootstrap tree #572, logLikelihood: -4677.733626
[00:13:37] [worker #2] Bootstrap tree #571, logLikelihood: -4788.669460
[00:13:38] [worker #6] Bootstrap tree #575, logLikelihood: -4620.580164
[00:13:40] [worker #4] Bootstrap tree #581, logLikelihood: -4842.805515
[00:13:41] [worker #1] Bootstrap tree #578, logLikelihood: -4786.285332
[00:13:41] [worker #5] Bootstrap tree #582, logLikelihood: -4774.811504
[00:13:42] [worker #0] Bootstrap tree #577, logLikelihood: -4743.156902
[00:13:43] [worker #7] Bootstrap tree #576, logLikelihood: -4857.443558
[00:13:47] [worker #2] Bootstrap tree #579, logLikelihood: -4874.759592
[00:13:48] [worker #6] Bootstrap tree #583, logLikelihood: -4760.314381
[00:13:49] [worker #1] Bootstrap tree #586, logLikelihood: -4571.961869
[00:13:49] [worker #0] Bootstrap tree #585, logLikelihood: -4808.241278
[00:13:50] [worker #4] Bootstrap tree #589, logLikelihood: -4905.914552
[00:13:51] [worker #3] Bootstrap tree #580, logLikelihood: -4701.586444
[00:13:53] [worker #5] Bootstrap tree #590, logLikelihood: -4565.344587
[00:13:53] [worker #7] Bootstrap tree #584, logLikelihood: -4698.973731
[00:13:56] [worker #6] Bootstrap tree #591, logLikelihood: -4850.326447
[00:13:56] [worker #2] Bootstrap tree #587, logLikelihood: -4790.226668
[00:13:56] [worker #1] Bootstrap tree #594, logLikelihood: -4858.107247
[00:13:57] [worker #0] Bootstrap tree #593, logLikelihood: -4850.509186
[00:13:58] [worker #4] Bootstrap tree #597, logLikelihood: -4824.433316
[00:14:00] [worker #3] Bootstrap tree #588, logLikelihood: -4754.403896
[00:14:01] [worker #5] Bootstrap tree #598, logLikelihood: -4708.000774
[00:14:02] [worker #7] Bootstrap tree #592, logLikelihood: -4867.195429
[00:14:04] [worker #6] Bootstrap tree #599, logLikelihood: -4724.669521
[00:14:05] [worker #2] Bootstrap tree #595, logLikelihood: -4759.392311
[00:14:08] [worker #3] Bootstrap tree #596, logLikelihood: -4817.623971
[00:14:10] [worker #7] Bootstrap tree #600, logLikelihood: -4821.392609
[00:14:22] [worker #0] Bootstrap tree #601, logLikelihood: -4608.600768
[00:14:23] [worker #7] Bootstrap tree #608, logLikelihood: -4651.670825
[00:14:23] [worker #5] Bootstrap tree #606, logLikelihood: -4843.231667
[00:14:24] [worker #2] Bootstrap tree #603, logLikelihood: -4816.944366
[00:14:24] [worker #4] Bootstrap tree #605, logLikelihood: -5258.486033
[00:14:24] [worker #1] Bootstrap tree #602, logLikelihood: -5011.888856
[00:14:24] [worker #3] Bootstrap tree #604, logLikelihood: -4920.399816
[00:14:24] [worker #6] Bootstrap tree #607, logLikelihood: -4773.355863
[00:14:29] [worker #7] Bootstrap tree #616, logLikelihood: -4903.530242
[00:14:30] [worker #0] Bootstrap tree #609, logLikelihood: -4920.130530
[00:14:32] [worker #5] Bootstrap tree #614, logLikelihood: -4680.959057
[00:14:32] [worker #4] Bootstrap tree #613, logLikelihood: -4932.576100
[00:14:33] [worker #6] Bootstrap tree #615, logLikelihood: -4570.953115
[00:14:34] [worker #3] Bootstrap tree #612, logLikelihood: -4643.030499
[00:14:34] [worker #2] Bootstrap tree #611, logLikelihood: -4480.449868
[00:14:35] [worker #1] Bootstrap tree #610, logLikelihood: -4591.072468
[00:14:39] [worker #7] Bootstrap tree #624, logLikelihood: -4849.164926
[00:14:39] [worker #5] Bootstrap tree #622, logLikelihood: -4878.634320
[00:14:39] [worker #0] Bootstrap tree #617, logLikelihood: -4686.696088
[00:14:41] [worker #4] Bootstrap tree #621, logLikelihood: -4914.813025
[00:14:43] [worker #3] Bootstrap tree #620, logLikelihood: -4692.638605
[00:14:43] [worker #1] Bootstrap tree #618, logLikelihood: -4768.772335
[00:14:43] [worker #6] Bootstrap tree #623, logLikelihood: -4750.523416
[00:14:44] [worker #2] Bootstrap tree #619, logLikelihood: -4802.599888
[00:14:46] [worker #7] Bootstrap tree #632, logLikelihood: -4835.418915
[00:14:49] [worker #5] Bootstrap tree #630, logLikelihood: -4931.631079
[00:14:50] [worker #0] Bootstrap tree #625, logLikelihood: -4925.006219
[00:14:51] [worker #3] Bootstrap tree #628, logLikelihood: -4760.027028
[00:14:51] [worker #1] Bootstrap tree #626, logLikelihood: -4736.774828
[00:14:51] [worker #4] Bootstrap tree #629, logLikelihood: -4874.082430
[00:14:53] [worker #6] Bootstrap tree #631, logLikelihood: -4588.883047
[00:14:53] [worker #7] Bootstrap tree #640, logLikelihood: -4688.788722
[00:14:53] [worker #2] Bootstrap tree #627, logLikelihood: -4404.942983
[00:14:58] [worker #5] Bootstrap tree #638, logLikelihood: -4751.188663
[00:14:59] [worker #3] Bootstrap tree #636, logLikelihood: -4595.620579
[00:15:00] [worker #4] Bootstrap tree #637, logLikelihood: -5064.117755
[00:15:00] [worker #1] Bootstrap tree #634, logLikelihood: -5145.933877
[00:15:01] [worker #0] Bootstrap tree #633, logLikelihood: -4540.086604
[00:15:02] [worker #6] Bootstrap tree #639, logLikelihood: -4720.645504
[00:15:02] [worker #2] Bootstrap tree #635, logLikelihood: -4988.526876
[00:15:02] [worker #7] Bootstrap tree #648, logLikelihood: -4779.608635
[00:15:06] [worker #5] Bootstrap tree #646, logLikelihood: -4772.370145
[00:15:07] [worker #4] Bootstrap tree #645, logLikelihood: -4595.058854
[00:15:08] [worker #3] Bootstrap tree #644, logLikelihood: -4847.826840
[00:15:08] [worker #1] Bootstrap tree #642, logLikelihood: -4907.167318
[00:15:09] [worker #2] Bootstrap tree #643, logLikelihood: -4962.271114
[00:15:09] [worker #6] Bootstrap tree #647, logLikelihood: -4862.673525
[00:15:14] [worker #0] Bootstrap tree #641, logLikelihood: -4690.424500
[00:15:16] [worker #1] Bootstrap tree #650, logLikelihood: -4784.296150
[00:15:21] [worker #0] Bootstrap tree #649, logLikelihood: -4718.112913
[00:15:36] [worker #6] Bootstrap tree #655, logLikelihood: -4897.589874
[00:15:36] [worker #4] Bootstrap tree #653, logLikelihood: -5134.139403
[00:15:36] [worker #7] Bootstrap tree #656, logLikelihood: -4895.876957
[00:15:37] [worker #3] Bootstrap tree #652, logLikelihood: -4503.040920
[00:15:37] [worker #2] Bootstrap tree #651, logLikelihood: -4711.238898
[00:15:38] [worker #5] Bootstrap tree #654, logLikelihood: -4950.128162
[00:15:38] [worker #0] Bootstrap tree #657, logLikelihood: -4710.147856
[00:15:38] [worker #1] Bootstrap tree #658, logLikelihood: -5047.848530
[00:15:44] [worker #7] Bootstrap tree #664, logLikelihood: -4616.043134
[00:15:44] [worker #3] Bootstrap tree #660, logLikelihood: -4765.363198
[00:15:45] [worker #4] Bootstrap tree #661, logLikelihood: -4589.806306
[00:15:46] [worker #6] Bootstrap tree #663, logLikelihood: -4763.370718
[00:15:46] [worker #2] Bootstrap tree #659, logLikelihood: -4787.675431
[00:15:48] [worker #0] Bootstrap tree #665, logLikelihood: -4792.584240
[00:15:48] [worker #1] Bootstrap tree #666, logLikelihood: -4957.554500
[00:15:49] [worker #5] Bootstrap tree #662, logLikelihood: -4607.260600
[00:15:53] [worker #7] Bootstrap tree #672, logLikelihood: -4719.825057
[00:15:53] [worker #3] Bootstrap tree #668, logLikelihood: -4686.091265
[00:15:55] [worker #4] Bootstrap tree #669, logLikelihood: -4938.098316
[00:15:55] [worker #2] Bootstrap tree #667, logLikelihood: -4892.938434
[00:15:56] [worker #0] Bootstrap tree #673, logLikelihood: -4736.595606
[00:15:56] [worker #1] Bootstrap tree #674, logLikelihood: -4641.681419
[00:15:57] [worker #6] Bootstrap tree #671, logLikelihood: -4744.559116
[00:15:57] [worker #5] Bootstrap tree #670, logLikelihood: -4845.233769
[00:16:02] [worker #7] Bootstrap tree #680, logLikelihood: -4551.362319
[00:16:03] [worker #3] Bootstrap tree #676, logLikelihood: -4960.720195
[00:16:03] [worker #4] Bootstrap tree #677, logLikelihood: -4554.064690
[00:16:03] [worker #6] Bootstrap tree #679, logLikelihood: -4729.000215
[00:16:04] [worker #5] Bootstrap tree #678, logLikelihood: -4633.378214
[00:16:05] [worker #1] Bootstrap tree #682, logLikelihood: -4940.100357
[00:16:05] [worker #2] Bootstrap tree #675, logLikelihood: -4624.970096
[00:16:06] [worker #0] Bootstrap tree #681, logLikelihood: -4613.630660
[00:16:11] [worker #3] Bootstrap tree #684, logLikelihood: -4852.066489
[00:16:13] [worker #7] Bootstrap tree #688, logLikelihood: -4889.266579
[00:16:13] [worker #1] Bootstrap tree #690, logLikelihood: -4891.807102
[00:16:13] [worker #6] Bootstrap tree #687, logLikelihood: -4842.852217
[00:16:13] [worker #5] Bootstrap tree #686, logLikelihood: -4673.745728
[00:16:14] [worker #2] Bootstrap tree #683, logLikelihood: -4872.706280
[00:16:15] [worker #0] Bootstrap tree #689, logLikelihood: -4972.330090
[00:16:18] [worker #4] Bootstrap tree #685, logLikelihood: -4787.529772
[00:16:18] [worker #3] Bootstrap tree #692, logLikelihood: -5048.659782
[00:16:20] [worker #7] Bootstrap tree #696, logLikelihood: -4836.484487
[00:16:22] [worker #2] Bootstrap tree #691, logLikelihood: -5017.504716
[00:16:22] [worker #0] Bootstrap tree #697, logLikelihood: -4815.156645
[00:16:22] [worker #5] Bootstrap tree #694, logLikelihood: -4928.356180
[00:16:22] [worker #1] Bootstrap tree #698, logLikelihood: -5070.955120
[00:16:23] [worker #6] Bootstrap tree #695, logLikelihood: -4718.743887
[00:16:26] [worker #4] Bootstrap tree #693, logLikelihood: -4899.096982
[00:16:29] [worker #2] Bootstrap tree #699, logLikelihood: -5231.235706
[00:16:37] [worker #3] Bootstrap tree #700, logLikelihood: -4991.826244
[00:16:50] [worker #5] Bootstrap tree #702, logLikelihood: -4819.408389
[00:16:51] [worker #4] Bootstrap tree #701, logLikelihood: -4828.506981
[00:16:51] [worker #3] Bootstrap tree #708, logLikelihood: -4716.636855
[00:16:51] [worker #1] Bootstrap tree #706, logLikelihood: -5062.371677
[00:16:52] [worker #0] Bootstrap tree #705, logLikelihood: -4597.882634
[00:16:53] [worker #7] Bootstrap tree #704, logLikelihood: -4839.942979
[00:16:53] [worker #6] Bootstrap tree #703, logLikelihood: -4935.412667
[00:16:54] [worker #2] Bootstrap tree #707, logLikelihood: -4930.256479
[00:16:57] [worker #5] Bootstrap tree #710, logLikelihood: -4602.900582
[00:17:00] [worker #3] Bootstrap tree #716, logLikelihood: -4495.571853
[00:17:00] [worker #1] Bootstrap tree #714, logLikelihood: -4650.486277
[00:17:00] [worker #4] Bootstrap tree #709, logLikelihood: -4574.176539
[00:17:02] [worker #6] Bootstrap tree #711, logLikelihood: -4786.015360
[00:17:02] [worker #0] Bootstrap tree #713, logLikelihood: -4697.504906
[00:17:02] [worker #7] Bootstrap tree #712, logLikelihood: -5011.880598
[00:17:04] [worker #2] Bootstrap tree #715, logLikelihood: -4595.693098
[00:17:06] [worker #5] Bootstrap tree #718, logLikelihood: -4909.728102
[00:17:06] [worker #1] Bootstrap tree #722, logLikelihood: -4909.140845
[00:17:07] [worker #3] Bootstrap tree #724, logLikelihood: -4789.436231
[00:17:08] [worker #4] Bootstrap tree #717, logLikelihood: -4939.265547
[00:17:10] [worker #0] Bootstrap tree #721, logLikelihood: -4801.847305
[00:17:10] [worker #6] Bootstrap tree #719, logLikelihood: -4959.946907
[00:17:11] [worker #2] Bootstrap tree #723, logLikelihood: -4583.569165
[00:17:12] [worker #7] Bootstrap tree #720, logLikelihood: -4948.497104
[00:17:14] [worker #5] Bootstrap tree #726, logLikelihood: -4555.696620
[00:17:14] [worker #3] Bootstrap tree #732, logLikelihood: -4749.077654
[00:17:15] [worker #1] Bootstrap tree #730, logLikelihood: -4882.505241
[00:17:15] [worker #4] Bootstrap tree #725, logLikelihood: -4814.173108
[00:17:18] [worker #2] Bootstrap tree #731, logLikelihood: -4788.222916
[00:17:18] [worker #6] Bootstrap tree #727, logLikelihood: -4784.196908
[00:17:18] [worker #0] Bootstrap tree #729, logLikelihood: -4952.968687
[00:17:19] [worker #7] Bootstrap tree #728, logLikelihood: -4713.937242
[00:17:20] [worker #1] Bootstrap tree #738, logLikelihood: -4873.089665
[00:17:23] [worker #4] Bootstrap tree #733, logLikelihood: -4696.582199
[00:17:23] [worker #3] Bootstrap tree #740, logLikelihood: -4946.472021
[00:17:23] [worker #5] Bootstrap tree #734, logLikelihood: -4784.768285
[00:17:26] [worker #0] Bootstrap tree #737, logLikelihood: -4604.115119
[00:17:26] [worker #2] Bootstrap tree #739, logLikelihood: -4520.109231
[00:17:27] [worker #6] Bootstrap tree #735, logLikelihood: -4568.373635
[00:17:28] [worker #3] Bootstrap tree #748, logLikelihood: -4521.623188
[00:17:28] [worker #7] Bootstrap tree #736, logLikelihood: -4827.139438
[00:17:30] [worker #5] Bootstrap tree #742, logLikelihood: -4958.435779
[00:17:31] [worker #1] Bootstrap tree #746, logLikelihood: -4933.213090
[00:17:32] [worker #4] Bootstrap tree #741, logLikelihood: -4683.378561
[00:17:34] [worker #2] Bootstrap tree #747, logLikelihood: -4565.803859
[00:17:35] [worker #6] Bootstrap tree #743, logLikelihood: -4521.421427
[00:17:35] [worker #0] Bootstrap tree #745, logLikelihood: -4699.137907
[00:17:38] [worker #7] Bootstrap tree #744, logLikelihood: -4755.902390
[00:17:39] [worker #5] Bootstrap tree #750, logLikelihood: -4531.137789
[00:17:45] [worker #4] Bootstrap tree #749, logLikelihood: -4922.811912
[00:18:00] [worker #4] Bootstrap tree #757, logLikelihood: -4926.279946
[00:18:01] [worker #3] Bootstrap tree #756, logLikelihood: -5087.614852
[00:18:01] [worker #5] Bootstrap tree #758, logLikelihood: -4997.958139
[00:18:02] [worker #1] Bootstrap tree #754, logLikelihood: -4889.879512
[00:18:02] [worker #6] Bootstrap tree #751, logLikelihood: -4602.285835
[00:18:03] [worker #2] Bootstrap tree #755, logLikelihood: -5054.153490
[00:18:03] [worker #0] Bootstrap tree #753, logLikelihood: -4808.965464
[00:18:09] [worker #4] Bootstrap tree #765, logLikelihood: -4462.728464
[00:18:10] [worker #3] Bootstrap tree #764, logLikelihood: -4606.921841
[00:18:11] [worker #5] Bootstrap tree #766, logLikelihood: -4722.023468
[00:18:11] [worker #1] Bootstrap tree #762, logLikelihood: -4791.057058
[00:18:12] [worker #6] Bootstrap tree #759, logLikelihood: -4700.203931
[00:18:12] [worker #7] Bootstrap tree #752, logLikelihood: -4636.880625
[00:18:12] [worker #2] Bootstrap tree #763, logLikelihood: -4874.793397
[00:18:18] [worker #0] Bootstrap tree #761, logLikelihood: -4708.808997
[00:18:20] [worker #1] Bootstrap tree #770, logLikelihood: -4767.843113
[00:18:20] [worker #5] Bootstrap tree #774, logLikelihood: -4817.561805
[00:18:21] [worker #6] Bootstrap tree #767, logLikelihood: -5099.507640
[00:18:21] [worker #2] Bootstrap tree #771, logLikelihood: -5001.338584
[00:18:22] [worker #4] Bootstrap tree #773, logLikelihood: -4666.731960
[00:18:22] [worker #7] Bootstrap tree #760, logLikelihood: -5063.799048
[00:18:23] [worker #3] Bootstrap tree #772, logLikelihood: -4555.190412
[00:18:25] [worker #0] Bootstrap tree #769, logLikelihood: -4721.154667
[00:18:28] [worker #1] Bootstrap tree #778, logLikelihood: -4795.897802
[00:18:30] [worker #5] Bootstrap tree #782, logLikelihood: -4860.527212
[00:18:30] [worker #6] Bootstrap tree #775, logLikelihood: -5086.277218
[00:18:31] [worker #2] Bootstrap tree #779, logLikelihood: -4750.289768
[00:18:31] [worker #4] Bootstrap tree #781, logLikelihood: -4774.026240
[00:18:32] [worker #7] Bootstrap tree #768, logLikelihood: -4942.664338
[00:18:33] [worker #3] Bootstrap tree #780, logLikelihood: -4806.223161
[00:18:34] [worker #0] Bootstrap tree #777, logLikelihood: -4819.962080
[00:18:39] [worker #1] Bootstrap tree #786, logLikelihood: -4739.397325
[00:18:39] [worker #5] Bootstrap tree #790, logLikelihood: -4865.839320
[00:18:39] [worker #6] Bootstrap tree #783, logLikelihood: -4507.151655
[00:18:40] [worker #2] Bootstrap tree #787, logLikelihood: -4429.344441
[00:18:41] [worker #7] Bootstrap tree #776, logLikelihood: -4577.424380
[00:18:42] [worker #3] Bootstrap tree #788, logLikelihood: -4996.378164
[00:18:43] [worker #4] Bootstrap tree #789, logLikelihood: -4784.209438
[00:18:45] [worker #0] Bootstrap tree #785, logLikelihood: -4623.964033
[00:18:47] [worker #6] Bootstrap tree #791, logLikelihood: -4796.637264
[00:18:48] [worker #7] Bootstrap tree #784, logLikelihood: -4653.279366
[00:18:48] [worker #5] Bootstrap tree #798, logLikelihood: -4859.065298
[00:18:49] [worker #1] Bootstrap tree #794, logLikelihood: -4832.355544
[00:18:49] [worker #2] Bootstrap tree #795, logLikelihood: -4809.040899
[00:18:52] [worker #3] Bootstrap tree #796, logLikelihood: -4869.895039
[00:18:53] [worker #4] Bootstrap tree #797, logLikelihood: -4811.858213
[00:18:56] [worker #6] Bootstrap tree #799, logLikelihood: -4962.876840
[00:18:56] [worker #0] Bootstrap tree #793, logLikelihood: -4605.135214
[00:18:58] [worker #7] Bootstrap tree #792, logLikelihood: -4750.812171
[00:19:06] [worker #7] Bootstrap tree #800, logLikelihood: -4647.223501
[00:19:20] [worker #4] Bootstrap tree #805, logLikelihood: -4951.883647
[00:19:21] [worker #1] Bootstrap tree #802, logLikelihood: -4770.864352
[00:19:22] [worker #6] Bootstrap tree #807, logLikelihood: -5121.369359
[00:19:23] [worker #0] Bootstrap tree #801, logLikelihood: -4563.799644
[00:19:25] [worker #7] Bootstrap tree #808, logLikelihood: -4602.538239
[00:19:26] [worker #5] Bootstrap tree #806, logLikelihood: -4912.773874
[00:19:28] [worker #3] Bootstrap tree #804, logLikelihood: -4962.386113
[00:19:28] [worker #2] Bootstrap tree #803, logLikelihood: -5148.720125
[00:19:30] [worker #1] Bootstrap tree #810, logLikelihood: -4805.277530
[00:19:30] [worker #4] Bootstrap tree #813, logLikelihood: -4842.810069
[00:19:31] [worker #0] Bootstrap tree #809, logLikelihood: -4487.600701
[00:19:33] [worker #6] Bootstrap tree #815, logLikelihood: -4685.730258
[00:19:34] [worker #7] Bootstrap tree #816, logLikelihood: -4849.475878
[00:19:35] [worker #5] Bootstrap tree #814, logLikelihood: -4318.924700
[00:19:37] [worker #2] Bootstrap tree #811, logLikelihood: -4870.248321
[00:19:38] [worker #3] Bootstrap tree #812, logLikelihood: -4637.856317
[00:19:39] [worker #1] Bootstrap tree #818, logLikelihood: -4844.505731
[00:19:41] [worker #4] Bootstrap tree #821, logLikelihood: -4869.335121
[00:19:41] [worker #0] Bootstrap tree #817, logLikelihood: -5094.839608
[00:19:44] [worker #7] Bootstrap tree #824, logLikelihood: -4699.929229
[00:19:44] [worker #6] Bootstrap tree #823, logLikelihood: -4694.207257
[00:19:46] [worker #5] Bootstrap tree #822, logLikelihood: -5070.337978
[00:19:46] [worker #3] Bootstrap tree #820, logLikelihood: -4708.710455
[00:19:47] [worker #2] Bootstrap tree #819, logLikelihood: -4773.092735
[00:19:50] [worker #1] Bootstrap tree #826, logLikelihood: -4968.473526
[00:19:50] [worker #0] Bootstrap tree #825, logLikelihood: -4773.666772
[00:19:51] [worker #4] Bootstrap tree #829, logLikelihood: -4584.548769
[00:19:54] [worker #7] Bootstrap tree #832, logLikelihood: -4732.976112
[00:19:55] [worker #3] Bootstrap tree #828, logLikelihood: -4926.175376
[00:19:55] [worker #5] Bootstrap tree #830, logLikelihood: -4709.427195
[00:19:55] [worker #6] Bootstrap tree #831, logLikelihood: -4803.854197
[00:19:56] [worker #2] Bootstrap tree #827, logLikelihood: -5002.525120
[00:19:59] [worker #1] Bootstrap tree #834, logLikelihood: -4564.637425
[00:20:00] [worker #0] Bootstrap tree #833, logLikelihood: -4702.822210
[00:20:02] [worker #7] Bootstrap tree #840, logLikelihood: -4898.293324
[00:20:02] [worker #6] Bootstrap tree #839, logLikelihood: -4858.549759
[00:20:03] [worker #5] Bootstrap tree #838, logLikelihood: -4869.864678
[00:20:03] [worker #2] Bootstrap tree #835, logLikelihood: -4607.047006
[00:20:04] [worker #4] Bootstrap tree #837, logLikelihood: -5092.475034
[00:20:05] [worker #3] Bootstrap tree #836, logLikelihood: -4856.950793
[00:20:06] [worker #0] Bootstrap tree #841, logLikelihood: -4622.913634
[00:20:07] [worker #1] Bootstrap tree #842, logLikelihood: -4597.955252
[00:20:10] [worker #6] Bootstrap tree #847, logLikelihood: -5151.652014
[00:20:11] [worker #2] Bootstrap tree #843, logLikelihood: -4856.073305
[00:20:11] [worker #3] Bootstrap tree #844, logLikelihood: -4658.468556
[00:20:11] [worker #7] Bootstrap tree #848, logLikelihood: -4916.976591
[00:20:13] [worker #5] Bootstrap tree #846, logLikelihood: -4950.237844
[00:20:13] [worker #4] Bootstrap tree #845, logLikelihood: -4546.135201
[00:20:15] [worker #0] Bootstrap tree #849, logLikelihood: -4688.814923
[00:20:15] [worker #1] Bootstrap tree #850, logLikelihood: -4754.461525
[00:20:29] [worker #2] Bootstrap tree #851, logLikelihood: -4577.711219
[00:20:30] [worker #7] Bootstrap tree #856, logLikelihood: -4860.209390
[00:20:31] [worker #4] Bootstrap tree #853, logLikelihood: -4891.634043
[00:20:31] [worker #1] Bootstrap tree #858, logLikelihood: -4972.293128
[00:20:32] [worker #6] Bootstrap tree #855, logLikelihood: -4987.179935
[00:20:32] [worker #0] Bootstrap tree #857, logLikelihood: -4705.354813
[00:20:32] [worker #5] Bootstrap tree #854, logLikelihood: -4854.397668
[00:20:34] [worker #3] Bootstrap tree #852, logLikelihood: -4839.249932
[00:20:38] [worker #2] Bootstrap tree #859, logLikelihood: -4874.301673
[00:20:40] [worker #7] Bootstrap tree #864, logLikelihood: -4770.783750
[00:20:41] [worker #5] Bootstrap tree #862, logLikelihood: -4455.917410
[00:20:41] [worker #0] Bootstrap tree #865, logLikelihood: -4900.571551
[00:20:41] [worker #4] Bootstrap tree #861, logLikelihood: -4935.968432
[00:20:41] [worker #6] Bootstrap tree #863, logLikelihood: -4917.965957
[00:20:41] [worker #1] Bootstrap tree #866, logLikelihood: -4916.501210
[00:20:43] [worker #3] Bootstrap tree #860, logLikelihood: -4587.109317
[00:20:44] [worker #2] Bootstrap tree #867, logLikelihood: -4554.023269
[00:20:47] [worker #7] Bootstrap tree #872, logLikelihood: -4989.814700
[00:20:49] [worker #4] Bootstrap tree #869, logLikelihood: -4618.932011
[00:20:49] [worker #5] Bootstrap tree #870, logLikelihood: -4743.566238
[00:20:50] [worker #6] Bootstrap tree #871, logLikelihood: -4584.001323
[00:20:50] [worker #0] Bootstrap tree #873, logLikelihood: -4878.424493
[00:20:50] [worker #1] Bootstrap tree #874, logLikelihood: -4895.784815
[00:20:53] [worker #2] Bootstrap tree #875, logLikelihood: -4837.294421
[00:20:56] [worker #7] Bootstrap tree #880, logLikelihood: -4670.504614
[00:20:57] [worker #5] Bootstrap tree #878, logLikelihood: -4684.428917
[00:20:57] [worker #6] Bootstrap tree #879, logLikelihood: -4934.222226
[00:20:58] [worker #0] Bootstrap tree #881, logLikelihood: -4786.121089
[00:20:59] [worker #3] Bootstrap tree #868, logLikelihood: -4789.912814
[00:20:59] [worker #1] Bootstrap tree #882, logLikelihood: -4827.203865
[00:20:59] [worker #4] Bootstrap tree #877, logLikelihood: -4699.765499
[00:21:01] [worker #2] Bootstrap tree #883, logLikelihood: -4562.091471
[00:21:04] [worker #6] Bootstrap tree #887, logLikelihood: -4809.475835
[00:21:06] [worker #7] Bootstrap tree #888, logLikelihood: -4912.397999
[00:21:06] [worker #4] Bootstrap tree #885, logLikelihood: -4844.294525
[00:21:07] [worker #3] Bootstrap tree #876, logLikelihood: -5089.115388
[00:21:08] [worker #5] Bootstrap tree #886, logLikelihood: -4853.005775
[00:21:08] [worker #0] Bootstrap tree #889, logLikelihood: -5011.813631
[00:21:09] [worker #1] Bootstrap tree #890, logLikelihood: -4631.410321
[00:21:12] [worker #2] Bootstrap tree #891, logLikelihood: -4858.826117
[00:21:12] [worker #6] Bootstrap tree #895, logLikelihood: -4621.799231
[00:21:13] [worker #7] Bootstrap tree #896, logLikelihood: -4625.667463
[00:21:14] [worker #4] Bootstrap tree #893, logLikelihood: -4798.244626
[00:21:16] [worker #5] Bootstrap tree #894, logLikelihood: -4893.411054
[00:21:16] [worker #0] Bootstrap tree #897, logLikelihood: -4783.543157
[00:21:16] [worker #3] Bootstrap tree #884, logLikelihood: -4836.544240
[00:21:17] [worker #1] Bootstrap tree #898, logLikelihood: -4685.699393
[00:21:20] [worker #2] Bootstrap tree #899, logLikelihood: -4671.620982
[00:21:24] [worker #3] Bootstrap tree #892, logLikelihood: -4793.833284
[00:21:31] [worker #3] Bootstrap tree #900, logLikelihood: -4559.950758
[00:21:47] [worker #4] Bootstrap tree #901, logLikelihood: -4812.638851
[00:21:48] [worker #2] Bootstrap tree #907, logLikelihood: -4592.349118
[00:21:48] [worker #5] Bootstrap tree #902, logLikelihood: -4742.409363
[00:21:49] [worker #6] Bootstrap tree #903, logLikelihood: -4776.425159
[00:21:49] [worker #3] Bootstrap tree #908, logLikelihood: -4873.801779
[00:21:49] [worker #7] Bootstrap tree #904, logLikelihood: -4698.950078
[00:21:50] [worker #0] Bootstrap tree #905, logLikelihood: -4737.830041
[00:21:50] [worker #1] Bootstrap tree #906, logLikelihood: -4895.278984
[00:21:55] [worker #6] Bootstrap tree #911, logLikelihood: -4740.267657
[00:21:56] [worker #2] Bootstrap tree #915, logLikelihood: -4921.583473
[00:21:57] [worker #4] Bootstrap tree #909, logLikelihood: -4912.487348
[00:21:57] [worker #5] Bootstrap tree #910, logLikelihood: -4852.170029
[00:21:59] [worker #3] Bootstrap tree #916, logLikelihood: -4680.743828
[00:21:59] [worker #7] Bootstrap tree #912, logLikelihood: -5014.126075
[00:22:01] [worker #0] Bootstrap tree #913, logLikelihood: -4688.026298
[00:22:02] [worker #1] Bootstrap tree #914, logLikelihood: -4722.279996
[00:22:05] [worker #6] Bootstrap tree #919, logLikelihood: -4970.326913
[00:22:05] [worker #4] Bootstrap tree #917, logLikelihood: -4559.206606
[00:22:07] [worker #5] Bootstrap tree #918, logLikelihood: -4583.824428
[00:22:07] [worker #3] Bootstrap tree #924, logLikelihood: -4642.767916
[00:22:07] [worker #7] Bootstrap tree #920, logLikelihood: -5020.858471
[00:22:08] [worker #2] Bootstrap tree #923, logLikelihood: -4721.687586
[00:22:10] [worker #0] Bootstrap tree #921, logLikelihood: -4762.544963
[00:22:11] [worker #1] Bootstrap tree #922, logLikelihood: -4856.447977
[00:22:14] [worker #6] Bootstrap tree #927, logLikelihood: -4731.367897
[00:22:14] [worker #4] Bootstrap tree #925, logLikelihood: -4862.675745
[00:22:15] [worker #3] Bootstrap tree #932, logLikelihood: -4593.319497
[00:22:16] [worker #2] Bootstrap tree #931, logLikelihood: -4585.394567
[00:22:17] [worker #7] Bootstrap tree #928, logLikelihood: -4772.701615
[00:22:17] [worker #0] Bootstrap tree #929, logLikelihood: -5019.679440
[00:22:19] [worker #1] Bootstrap tree #930, logLikelihood: -4620.481169
[00:22:21] [worker #4] Bootstrap tree #933, logLikelihood: -4422.966001
[00:22:22] [worker #6] Bootstrap tree #935, logLikelihood: -4586.978181
[00:22:23] [worker #5] Bootstrap tree #926, logLikelihood: -4928.919794
[00:22:24] [worker #2] Bootstrap tree #939, logLikelihood: -4712.468314
[00:22:24] [worker #3] Bootstrap tree #940, logLikelihood: -4794.290607
[00:22:26] [worker #0] Bootstrap tree #937, logLikelihood: -5043.887986
[00:22:27] [worker #7] Bootstrap tree #936, logLikelihood: -4940.436170
[00:22:28] [worker #1] Bootstrap tree #938, logLikelihood: -4704.131130
[00:22:29] [worker #6] Bootstrap tree #943, logLikelihood: -4737.760479
[00:22:30] [worker #4] Bootstrap tree #941, logLikelihood: -4754.170311
[00:22:31] [worker #5] Bootstrap tree #934, logLikelihood: -4852.253218
[00:22:32] [worker #2] Bootstrap tree #947, logLikelihood: -4951.476093
[00:22:32] [worker #3] Bootstrap tree #948, logLikelihood: -4955.340515
[00:22:34] [worker #0] Bootstrap tree #945, logLikelihood: -4612.680449
[00:22:34] [worker #7] Bootstrap tree #944, logLikelihood: -4852.268209
[00:22:35] [worker #1] Bootstrap tree #946, logLikelihood: -4945.587371
[00:22:37] [worker #4] Bootstrap tree #949, logLikelihood: -4571.430570
[00:22:38] [worker #5] Bootstrap tree #942, logLikelihood: -4930.373723
[00:22:45] [worker #5] Bootstrap tree #950, logLikelihood: -4736.770006
[00:23:02] [worker #6] Bootstrap tree #951, logLikelihood: -4693.909678
[00:23:02] [worker #7] Bootstrap tree #952, logLikelihood: -4762.070593
[00:23:03] [worker #4] Bootstrap tree #957, logLikelihood: -4849.173107
[00:23:03] [worker #0] Bootstrap tree #953, logLikelihood: -4646.898136
[00:23:04] [worker #2] Bootstrap tree #955, logLikelihood: -4705.300596
[00:23:04] [worker #5] Bootstrap tree #958, logLikelihood: -4874.942238
[00:23:04] [worker #1] Bootstrap tree #954, logLikelihood: -4820.897031
[00:23:05] [worker #3] Bootstrap tree #956, logLikelihood: -4905.050897
[00:23:09] [worker #6] Bootstrap tree #959, logLikelihood: -4648.336945
[00:23:10] [worker #7] Bootstrap tree #960, logLikelihood: -5049.224952
[00:23:11] [worker #4] Bootstrap tree #965, logLikelihood: -4617.748495
[00:23:13] [worker #2] Bootstrap tree #963, logLikelihood: -4876.503526
[00:23:13] [worker #0] Bootstrap tree #961, logLikelihood: -4985.247272
[00:23:13] [worker #5] Bootstrap tree #966, logLikelihood: -4667.574907
[00:23:14] [worker #1] Bootstrap tree #962, logLikelihood: -4852.226061
[00:23:15] [worker #3] Bootstrap tree #964, logLikelihood: -4829.287879
[00:23:19] [worker #6] Bootstrap tree #967, logLikelihood: -4957.984571
[00:23:20] [worker #4] Bootstrap tree #973, logLikelihood: -4894.932157
[00:23:20] [worker #7] Bootstrap tree #968, logLikelihood: -4651.457139
[00:23:20] [worker #2] Bootstrap tree #971, logLikelihood: -4686.131357
[00:23:21] [worker #5] Bootstrap tree #974, logLikelihood: -4704.392481
[00:23:22] [worker #1] Bootstrap tree #970, logLikelihood: -4535.762393
[00:23:22] [worker #0] Bootstrap tree #969, logLikelihood: -4969.683421
[00:23:24] [worker #3] Bootstrap tree #972, logLikelihood: -4911.095261
[00:23:29] [worker #2] Bootstrap tree #979, logLikelihood: -4738.127791
[00:23:29] [worker #7] Bootstrap tree #976, logLikelihood: -4860.581016
[00:23:29] [worker #4] Bootstrap tree #981, logLikelihood: -4837.738669
[00:23:30] [worker #6] Bootstrap tree #975, logLikelihood: -4715.885974
[00:23:30] [worker #5] Bootstrap tree #982, logLikelihood: -4557.760578
[00:23:31] [worker #1] Bootstrap tree #978, logLikelihood: -4782.268065
[00:23:33] [worker #0] Bootstrap tree #977, logLikelihood: -4903.373501
[00:23:37] [worker #3] Bootstrap tree #980, logLikelihood: -4731.615775
[00:23:37] [worker #7] Bootstrap tree #984, logLikelihood: -4571.195983
[00:23:38] [worker #6] Bootstrap tree #983, logLikelihood: -4619.415659
[00:23:38] [worker #2] Bootstrap tree #987, logLikelihood: -4687.448509
[00:23:39] [worker #1] Bootstrap tree #986, logLikelihood: -4903.614912
[00:23:39] [worker #4] Bootstrap tree #989, logLikelihood: -4744.417399
[00:23:41] [worker #5] Bootstrap tree #990, logLikelihood: -4576.523171
[00:23:42] [worker #0] Bootstrap tree #985, logLikelihood: -4590.751883
[00:23:44] [worker #7] Bootstrap tree #992, logLikelihood: -4653.338327
[00:23:45] [worker #3] Bootstrap tree #988, logLikelihood: -4976.024273
[00:23:45] [worker #1] Bootstrap tree #994, logLikelihood: -4540.302178
[00:23:47] [worker #4] Bootstrap tree #997, logLikelihood: -4860.293158
[00:23:47] [worker #6] Bootstrap tree #991, logLikelihood: -4735.881737
[00:23:50] [worker #2] Bootstrap tree #995, logLikelihood: -5076.539765
[00:23:50] [worker #0] Bootstrap tree #993, logLikelihood: -5033.949673
[00:23:51] [worker #5] Bootstrap tree #998, logLikelihood: -4798.167283
[00:23:52] [worker #7] Bootstrap tree #1000, logLikelihood: -4867.764996
[00:23:52] [worker #3] Bootstrap tree #996, logLikelihood: -4881.598411
[00:23:54] [worker #6] Bootstrap tree #999, logLikelihood: -4898.241290

Optimized model parameters:

   Partition 0: noname
   Rate heterogeneity: GAMMA (4 cats, mean),  alpha: 0.940316 (ML),  weights&rates: (0.250000,0.124897) (0.250000,0.458047) (0.250000,0.989361) (0.250000,2.427695) 
   Base frequencies (ML): 0.249935 0.229490 0.244375 0.276200 
   Substitution rates (ML): 1.146557 0.930138 1.155228 0.662900 1.305478 1.000000 


Final LogLikelihood: -4854.960886

AIC score: 10049.921771 / AICc score: 10141.050298 / BIC score: 10848.207587
Free parameters (model + branch lengths): 170

WARNING: Best ML tree contains 37 near-zero branches!

Best ML tree with collapsed near-zero branches saved to: /Users/abedoya/Bedoya Dropbox/Bedoya_Research_Group/River_phylogeography/River_phylogeography/Data_plastome/marathrum4tree_inference.recode.min4.phy.raxml.bestTreeCollapsed
Best ML tree saved to: /Users/abedoya/Bedoya Dropbox/Bedoya_Research_Group/River_phylogeography/River_phylogeography/Data_plastome/marathrum4tree_inference.recode.min4.phy.raxml.bestTree
All ML trees saved to: /Users/abedoya/Bedoya Dropbox/Bedoya_Research_Group/River_phylogeography/River_phylogeography/Data_plastome/marathrum4tree_inference.recode.min4.phy.raxml.mlTrees
Best ML tree with Felsenstein bootstrap (FBP) support values saved to: /Users/abedoya/Bedoya Dropbox/Bedoya_Research_Group/River_phylogeography/River_phylogeography/Data_plastome/marathrum4tree_inference.recode.min4.phy.raxml.support
Optimized model saved to: /Users/abedoya/Bedoya Dropbox/Bedoya_Research_Group/River_phylogeography/River_phylogeography/Data_plastome/marathrum4tree_inference.recode.min4.phy.raxml.bestModel
Bootstrap trees saved to: /Users/abedoya/Bedoya Dropbox/Bedoya_Research_Group/River_phylogeography/River_phylogeography/Data_plastome/marathrum4tree_inference.recode.min4.phy.raxml.bootstraps

Execution log saved to: /Users/abedoya/Bedoya Dropbox/Bedoya_Research_Group/River_phylogeography/River_phylogeography/Data_plastome/marathrum4tree_inference.recode.min4.phy.raxml.log

Analysis started: 23-Jul-2025 16:33:30 / finished: 23-Jul-2025 16:57:36

Elapsed time: 1445.197 seconds

